Feb 25 13:30:14 VM-0-16-opencloudos node[3949637]: 2026-02-25T05:30:14.708Z [gateway] feishu_doc: Registered feishu_doc, feishu_app_scopes
Feb 25 13:30:14 VM-0-16-opencloudos node[3949637]: 2026-02-25T05:30:14.711Z [gateway] feishu_wiki: Registered feishu_wiki tool
Feb 25 13:30:14 VM-0-16-opencloudos node[3949637]: 2026-02-25T05:30:14.714Z [gateway] feishu_drive: Registered feishu_drive tool
Feb 25 13:30:14 VM-0-16-opencloudos node[3949637]: 2026-02-25T05:30:14.722Z [gateway] feishu_bitable: Registered bitable tools
Feb 25 13:30:15 VM-0-16-opencloudos node[3949637]: 2026-02-25T05:30:15.348Z [feishu] starting feishu[default] (mode: websocket)
Feb 25 13:30:15 VM-0-16-opencloudos node[3949637]: 2026-02-25T13:30:15.353+08:00 [feishu][history] SQLite opened at /root/.openclaw/feishu-history.db (FR-002 persistence enabled)
Feb 25 13:30:15 VM-0-16-opencloudos node[3949637]: 2026-02-25T13:30:15.361+08:00 [feishu][history] Gateway startup timestamp set: 2026-02-25T05:30:15.356Z (db=persistent)
Feb 25 13:30:15 VM-0-16-opencloudos node[3949637]: 2026-02-25T05:30:15.366Z [feishu] [history][FR-002] db=persistent, lastShutdownTs=2026-02-23T12:42:31.311Z, chatIds=0
Feb 25 13:30:15 VM-0-16-opencloudos node[3949637]: 2026-02-25T05:30:15.369Z [feishu] [history][FR-002] offline for 146864s, recovering messages since 2026-02-23T12:42:31.311Z
Feb 25 13:30:15 VM-0-16-opencloudos node[3949637]: 2026-02-25T05:30:15.371Z [feishu] feishu[default]: recovering messages since 2026-02-23T12:42:31.311Z
Feb 25 13:30:16 VM-0-16-opencloudos node[3949637]: 2026-02-25T05:30:16.037Z [feishu] feishu[default]: bot open_id resolved: ou_eb157dbd151393217665d192fa59dad6
Feb 25 13:30:16 VM-0-16-opencloudos node[3949637]: 2026-02-25T13:30:16.040+08:00 [info]: [ 'event-dispatch is ready' ]
Feb 25 13:30:16 VM-0-16-opencloudos node[3949637]: 2026-02-25T05:30:16.043Z [feishu] feishu[default]: starting WebSocket connection...
Feb 25 13:30:16 VM-0-16-opencloudos node[3949637]:   'receive events or callbacks through persistent connection only available in self-build & Feishu app, Configured in:\n' +
Feb 25 13:30:16 VM-0-16-opencloudos node[3949637]: 2026-02-25T05:30:16.051Z [feishu] feishu[default]: WebSocket client started
Feb 25 14:41:10 VM-0-16-opencloudos node[3949637]: 2026-02-25T06:41:10.502Z [feishu] Graceful shutdown initiated. Saving state...
Feb 25 14:41:10 VM-0-16-opencloudos node[3949637]: 2026-02-25T14:41:10.509+08:00 [feishu][history] Gateway shutdown timestamp set: 2026-02-25T06:41:10.502Z (db=persistent)
Feb 25 14:41:17 VM-0-16-opencloudos node[3967680]: 2026-02-25T06:41:17.615Z [gateway] feishu_doc: Registered feishu_doc, feishu_app_scopes
Feb 25 14:41:17 VM-0-16-opencloudos node[3967680]: 2026-02-25T06:41:17.619Z [gateway] feishu_wiki: Registered feishu_wiki tool
Feb 25 14:41:17 VM-0-16-opencloudos node[3967680]: 2026-02-25T06:41:17.623Z [gateway] feishu_drive: Registered feishu_drive tool
Feb 25 14:41:17 VM-0-16-opencloudos node[3967680]: 2026-02-25T06:41:17.630Z [gateway] feishu_bitable: Registered bitable tools
Feb 25 14:41:17 VM-0-16-opencloudos node[3967680]: 2026-02-25T06:41:17.999Z [feishu] starting feishu[default] (mode: websocket)
Feb 25 14:41:18 VM-0-16-opencloudos node[3967680]: 2026-02-25T14:41:18.006+08:00 [feishu][history] SQLite opened at /root/.openclaw/feishu-history.db (FR-002 persistence enabled)
Feb 25 14:41:18 VM-0-16-opencloudos node[3967680]: 2026-02-25T14:41:18.014+08:00 [feishu][history] Gateway startup timestamp set: 2026-02-25T06:41:18.008Z (db=persistent)
Feb 25 14:41:18 VM-0-16-opencloudos node[3967680]: 2026-02-25T06:41:18.018Z [feishu] [history][FR-002] db=persistent, lastShutdownTs=2026-02-25T06:41:10.502Z, chatIds=0
Feb 25 14:41:18 VM-0-16-opencloudos node[3967680]: 2026-02-25T06:41:18.020Z [feishu] [history][FR-002] offline for 8s, recovering messages since 2026-02-25T06:41:10.502Z
Feb 25 14:41:18 VM-0-16-opencloudos node[3967680]: 2026-02-25T06:41:18.022Z [feishu] feishu[default]: recovering messages since 2026-02-25T06:41:10.502Z
Feb 25 14:41:19 VM-0-16-opencloudos node[3967680]: 2026-02-25T06:41:19.041Z [feishu] feishu[default]: bot open_id resolved: ou_eb157dbd151393217665d192fa59dad6
Feb 25 14:41:19 VM-0-16-opencloudos node[3967680]: 2026-02-25T14:41:19.043+08:00 [info]: [ 'event-dispatch is ready' ]
Feb 25 14:41:19 VM-0-16-opencloudos node[3967680]: 2026-02-25T06:41:19.046Z [feishu] feishu[default]: starting WebSocket connection...
Feb 25 14:41:19 VM-0-16-opencloudos node[3967680]:   'receive events or callbacks through persistent connection only available in self-build & Feishu app, Configured in:\n' +
Feb 25 14:41:19 VM-0-16-opencloudos node[3967680]: 2026-02-25T06:41:19.052Z [feishu] feishu[default]: WebSocket client started
Feb 25 14:54:23 VM-0-16-opencloudos node[3967680]: 2026-02-25T06:54:23.536Z [feishu] Graceful shutdown initiated. Saving state...
Feb 25 14:54:23 VM-0-16-opencloudos node[3967680]: 2026-02-25T14:54:23.543+08:00 [feishu][history] Gateway shutdown timestamp set: 2026-02-25T06:54:23.536Z (db=persistent)
Feb 25 14:54:30 VM-0-16-opencloudos node[3972309]: 2026-02-25T06:54:30.052Z [gateway] feishu_doc: Registered feishu_doc, feishu_app_scopes
Feb 25 14:54:30 VM-0-16-opencloudos node[3972309]: 2026-02-25T06:54:30.055Z [gateway] feishu_wiki: Registered feishu_wiki tool
Feb 25 14:54:30 VM-0-16-opencloudos node[3972309]: 2026-02-25T06:54:30.058Z [gateway] feishu_drive: Registered feishu_drive tool
Feb 25 14:54:30 VM-0-16-opencloudos node[3972309]: 2026-02-25T06:54:30.065Z [gateway] feishu_bitable: Registered bitable tools
Feb 25 14:54:30 VM-0-16-opencloudos node[3972309]: 2026-02-25T06:54:30.667Z [feishu] starting feishu[default] (mode: websocket)
Feb 25 14:54:30 VM-0-16-opencloudos node[3972309]: 2026-02-25T14:54:30.670+08:00 [feishu][history] SQLite opened at /root/.openclaw/feishu-history.db (FR-002 persistence enabled)
Feb 25 14:54:30 VM-0-16-opencloudos node[3972309]: 2026-02-25T14:54:30.677+08:00 [feishu][history] Gateway startup timestamp set: 2026-02-25T06:54:30.671Z (db=persistent)
Feb 25 14:54:30 VM-0-16-opencloudos node[3972309]: 2026-02-25T06:54:30.680Z [feishu] [history][FR-002] db=persistent, lastShutdownTs=2026-02-25T06:54:23.536Z, chatIds=0
Feb 25 14:54:30 VM-0-16-opencloudos node[3972309]: 2026-02-25T06:54:30.682Z [feishu] [history][FR-002] offline for 7s, recovering messages since 2026-02-25T06:54:23.536Z
Feb 25 14:54:30 VM-0-16-opencloudos node[3972309]: 2026-02-25T06:54:30.684Z [feishu] feishu[default]: recovering messages since 2026-02-25T06:54:23.536Z
Feb 25 14:54:31 VM-0-16-opencloudos node[3972309]: 2026-02-25T06:54:31.680Z [feishu] feishu[default]: bot open_id resolved: ou_eb157dbd151393217665d192fa59dad6
Feb 25 14:54:31 VM-0-16-opencloudos node[3972309]: 2026-02-25T14:54:31.682+08:00 [info]: [ 'event-dispatch is ready' ]
Feb 25 14:54:31 VM-0-16-opencloudos node[3972309]: 2026-02-25T06:54:31.685Z [feishu] feishu[default]: starting WebSocket connection...
Feb 25 14:54:31 VM-0-16-opencloudos node[3972309]:   'receive events or callbacks through persistent connection only available in self-build & Feishu app, Configured in:\n' +
Feb 25 14:54:31 VM-0-16-opencloudos node[3972309]: 2026-02-25T06:54:31.691Z [feishu] feishu[default]: WebSocket client started
