Feb 25 11:55:58 VM-0-16-opencloudos node[3344585]: 2026-02-25T11:55:58.500+08:00 [feishu][timeout-monitor][FR-006] removed om_x100b56d36273e4a0c2a1ae545bdc0d4 (total pending: 0)
Feb 25 11:55:58 VM-0-16-opencloudos node[3344585]: 2026-02-25T03:55:58.513Z [feishu] [reaction-state] Transitioning 1 message(s) to PROCESSING in chat oc_36a6c8f7b6378fbfabb6ac3243e1d247
Feb 25 11:55:59 VM-0-16-opencloudos node[3344585]: 2026-02-25T03:55:59.153Z [feishu] [reaction-state] Removed QUEUED emoji: messageId=om_x100b56d36273e4a0c2a1ae545bdc0d4
Feb 25 11:55:59 VM-0-16-opencloudos node[3344585]: 2026-02-25T03:55:59.888Z [feishu] [reaction-state] PROCESSING emoji added: messageId=om_x100b56d36273e4a0c2a1ae545bdc0d4
Feb 25 11:56:30 VM-0-16-opencloudos node[3344585]: 2026-02-25T03:56:30.901Z [feishu] [reaction-state] Cleaning up stale state: messageId=om_x100b56d2f7e9ecb4c4c980fb33bb3ed, age=31min
Feb 25 11:56:31 VM-0-16-opencloudos node[3344585]: 2026-02-25T03:56:31.493Z [feishu] [reaction-state] Removed Typing emoji on completion: messageId=om_x100b56d2f7e9ecb4c4c980fb33bb3ed
Feb 25 11:57:31 VM-0-16-opencloudos node[3344585]: 2026-02-25T03:57:31.497Z [feishu] [reaction-state] State cleaned up: messageId=om_x100b56d2f7e9ecb4c4c980fb33bb3ed
Feb 25 12:00:59 VM-0-16-opencloudos node[3344585]: 2026-02-25T04:00:59.334Z [feishu] [bot.ts] Reaction manager initialized for om_x100b56d37165a088b372cce681bb2a1. Triggering onMessageQueued...
Feb 25 12:00:59 VM-0-16-opencloudos node[3344585]: 2026-02-25T04:00:59.879Z [feishu] [reaction-state] QUEUED emoji added: messageId=om_x100b56d37165a088b372cce681bb2a1, reactionId=tqOf9tQ2_HOZPHbqKkGmnuvnIqmkf9_tPn5wiNk_cbGjp99RhDq2zpRVz4Ar3HcI
Feb 25 12:00:59 VM-0-16-opencloudos node[3344585]: 2026-02-25T04:00:59.881Z [feishu] [bot.ts] onMessageQueued completed successfully for om_x100b56d37165a088b372cce681bb2a1
Feb 25 12:00:59 VM-0-16-opencloudos node[3344585]: 2026-02-25T12:00:59.882+08:00 [feishu][timeout-monitor][FR-006] registered om_x100b56d37165a088b372cce681bb2a1 for chat oc_36a6c8f7b6378fbfabb6ac3243e1d247 (total pending: 1)
Feb 25 12:01:00 VM-0-16-opencloudos node[3344585]: 2026-02-25T12:01:00.356+08:00 [feishu][timeout-monitor][FR-006] processing started for om_x100b56d37165a088b372cce681bb2a1
Feb 25 12:01:00 VM-0-16-opencloudos node[3344585]: 2026-02-25T12:01:00.399+08:00 [feishu][timeout-monitor][FR-006] removed om_x100b56d37165a088b372cce681bb2a1 (total pending: 0)
Feb 25 12:01:00 VM-0-16-opencloudos node[3344585]: 2026-02-25T04:01:00.402Z [feishu] [reaction-state] Transitioning 1 message(s) to PROCESSING in chat oc_36a6c8f7b6378fbfabb6ac3243e1d247
Feb 25 12:01:01 VM-0-16-opencloudos node[3344585]: 2026-02-25T04:01:01.122Z [feishu] [reaction-state] Removed QUEUED emoji: messageId=om_x100b56d37165a088b372cce681bb2a1
Feb 25 12:01:01 VM-0-16-opencloudos node[3344585]: 2026-02-25T04:01:01.664Z [feishu] [reaction-state] PROCESSING emoji added: messageId=om_x100b56d37165a088b372cce681bb2a1
Feb 25 12:01:28 VM-0-16-opencloudos node[3344585]: 2026-02-25T04:01:28.996Z [feishu] [bot.ts] Reaction manager initialized for om_x100b56d30f4e38b8c2cbbb5e1286548. Triggering onMessageQueued...
Feb 25 12:01:29 VM-0-16-opencloudos node[3344585]: 2026-02-25T04:01:29.545Z [feishu] [reaction-state] QUEUED emoji added: messageId=om_x100b56d30f4e38b8c2cbbb5e1286548, reactionId=E9hrr-gYUElERdH_yPKv3lRiPwqZN2fy2dt919s9x_UWKe906C_Oyuqy1iUhhQ4e
Feb 25 12:01:29 VM-0-16-opencloudos node[3344585]: 2026-02-25T04:01:29.547Z [feishu] [bot.ts] onMessageQueued completed successfully for om_x100b56d30f4e38b8c2cbbb5e1286548
Feb 25 12:01:29 VM-0-16-opencloudos node[3344585]: 2026-02-25T12:01:29.548+08:00 [feishu][timeout-monitor][FR-006] registered om_x100b56d30f4e38b8c2cbbb5e1286548 for chat oc_36a6c8f7b6378fbfabb6ac3243e1d247 (total pending: 1)
Feb 25 12:01:29 VM-0-16-opencloudos node[3344585]: 2026-02-25T12:01:29.551+08:00 [feishu][timeout-monitor][FR-006] processing started for om_x100b56d30f4e38b8c2cbbb5e1286548
Feb 25 12:01:29 VM-0-16-opencloudos node[3344585]: 2026-02-25T12:01:29.586+08:00 [feishu][timeout-monitor][FR-006] removed om_x100b56d30f4e38b8c2cbbb5e1286548 (total pending: 0)
Feb 25 12:01:29 VM-0-16-opencloudos node[3344585]: 2026-02-25T04:01:29.589Z [feishu] [reaction-state] Transitioning 1 message(s) to PROCESSING in chat oc_36a6c8f7b6378fbfabb6ac3243e1d247
Feb 25 12:01:30 VM-0-16-opencloudos node[3344585]: 2026-02-25T04:01:30.065Z [feishu] [reaction-state] Removed QUEUED emoji: messageId=om_x100b56d30f4e38b8c2cbbb5e1286548
Feb 25 12:01:30 VM-0-16-opencloudos node[3344585]: 2026-02-25T04:01:30.584Z [feishu] [reaction-state] PROCESSING emoji added: messageId=om_x100b56d30f4e38b8c2cbbb5e1286548
Feb 25 12:01:30 VM-0-16-opencloudos node[3344585]: 2026-02-25T04:01:30.899Z [feishu] [reaction-state] Cleaning up stale state: messageId=om_x100b56d2882900a8c2b271778d7a7c2, age=33min
Feb 25 12:01:31 VM-0-16-opencloudos node[3344585]: 2026-02-25T04:01:31.421Z [feishu] [reaction-state] Removed Typing emoji on completion: messageId=om_x100b56d2882900a8c2b271778d7a7c2
Feb 25 12:01:31 VM-0-16-opencloudos node[3344585]: 2026-02-25T04:01:31.422Z [feishu] [reaction-state] Cleaning up stale state: messageId=om_x100b56d289bb24bcc109613a11c718b, age=33min
Feb 25 12:01:31 VM-0-16-opencloudos node[3344585]: 2026-02-25T04:01:31.923Z [feishu] [reaction-state] Removed Typing emoji on completion: messageId=om_x100b56d289bb24bcc109613a11c718b
Feb 25 12:01:31 VM-0-16-opencloudos node[3344585]: 2026-02-25T04:01:31.924Z [feishu] [reaction-state] Cleaning up stale state: messageId=om_x100b56d29e33b518c1225674e9ba7fd, age=30min
Feb 25 12:01:32 VM-0-16-opencloudos node[3344585]: 2026-02-25T04:01:32.451Z [feishu] [reaction-state] Removed Typing emoji on completion: messageId=om_x100b56d29e33b518c1225674e9ba7fd
Feb 25 12:02:31 VM-0-16-opencloudos node[3344585]: 2026-02-25T04:02:31.423Z [feishu] [reaction-state] State cleaned up: messageId=om_x100b56d2882900a8c2b271778d7a7c2
Feb 25 12:02:31 VM-0-16-opencloudos node[3344585]: 2026-02-25T04:02:31.925Z [feishu] [reaction-state] State cleaned up: messageId=om_x100b56d289bb24bcc109613a11c718b
Feb 25 12:02:32 VM-0-16-opencloudos node[3344585]: 2026-02-25T04:02:32.453Z [feishu] [reaction-state] State cleaned up: messageId=om_x100b56d29e33b518c1225674e9ba7fd
Feb 25 12:06:30 VM-0-16-opencloudos node[3344585]: 2026-02-25T04:06:30.899Z [feishu] [reaction-state] Cleaning up stale state: messageId=om_x100b56d2909dd0a4c4d6b6b723fd4a4, age=31min
Feb 25 12:06:31 VM-0-16-opencloudos node[3344585]: 2026-02-25T04:06:31.690Z [feishu] [reaction-state] Removed Typing emoji on completion: messageId=om_x100b56d2909dd0a4c4d6b6b723fd4a4
Feb 25 12:07:31 VM-0-16-opencloudos node[3344585]: 2026-02-25T04:07:31.692Z [feishu] [reaction-state] State cleaned up: messageId=om_x100b56d2909dd0a4c4d6b6b723fd4a4
Feb 25 12:09:36 VM-0-16-opencloudos node[3344585]: 2026-02-25T12:09:36.031+08:00 [warn]: [ 'no im.chat.access_event.bot_p2p_chat_entered_v1 handle' ]
Feb 25 12:11:30 VM-0-16-opencloudos node[3344585]: 2026-02-25T04:11:30.900Z [feishu] [reaction-state] Cleaning up stale state: messageId=om_x100b56d2aa8480bcc10bf01b5f6aa36, age=35min
Feb 25 12:11:31 VM-0-16-opencloudos node[3344585]: 2026-02-25T04:11:31.649Z [feishu] [reaction-state] Removed Typing emoji on completion: messageId=om_x100b56d2aa8480bcc10bf01b5f6aa36
Feb 25 12:11:31 VM-0-16-opencloudos node[3344585]: 2026-02-25T04:11:31.651Z [feishu] [reaction-state] Cleaning up stale state: messageId=om_x100b56d2bf4daca8c2b77bab66ee4ed, age=31min
Feb 25 12:11:32 VM-0-16-opencloudos node[3344585]: 2026-02-25T04:11:32.261Z [feishu] [reaction-state] Removed Typing emoji on completion: messageId=om_x100b56d2bf4daca8c2b77bab66ee4ed
Feb 25 12:12:20 VM-0-16-opencloudos node[3344585]: 2026-02-25T04:12:20.102Z [feishu] [bot.ts] Reaction manager initialized for om_x100b56d324fad820b2948ddbb196d94. Triggering onMessageQueued...
Feb 25 12:12:20 VM-0-16-opencloudos node[3344585]: 2026-02-25T04:12:20.863Z [feishu] [reaction-state] QUEUED emoji added: messageId=om_x100b56d324fad820b2948ddbb196d94, reactionId=1sxNFSss0q52XyCRioo45bzK0gfx6ZuF4Lx3cgOVhhbDmLWpEj8vDLU_1q3mDl10
Feb 25 12:12:20 VM-0-16-opencloudos node[3344585]: 2026-02-25T04:12:20.865Z [feishu] [bot.ts] onMessageQueued completed successfully for om_x100b56d324fad820b2948ddbb196d94
Feb 25 12:12:20 VM-0-16-opencloudos node[3344585]: 2026-02-25T12:12:20.866+08:00 [feishu][timeout-monitor][FR-006] registered om_x100b56d324fad820b2948ddbb196d94 for chat oc_36a6c8f7b6378fbfabb6ac3243e1d247 (total pending: 1)
Feb 25 12:12:21 VM-0-16-opencloudos node[3344585]: 2026-02-25T12:12:21.430+08:00 [feishu][timeout-monitor][FR-006] processing started for om_x100b56d324fad820b2948ddbb196d94
Feb 25 12:12:22 VM-0-16-opencloudos node[3344585]: 2026-02-25T04:12:22.093Z [feishu] [reaction-state] Transitioning 1 message(s) to PROCESSING in chat oc_36a6c8f7b6378fbfabb6ac3243e1d247
Feb 25 12:12:22 VM-0-16-opencloudos node[3344585]: 2026-02-25T04:12:22.717Z [feishu] [reaction-state] Removed QUEUED emoji: messageId=om_x100b56d324fad820b2948ddbb196d94
Feb 25 12:12:23 VM-0-16-opencloudos node[3344585]: 2026-02-25T04:12:23.371Z [feishu] [reaction-state] PROCESSING emoji added: messageId=om_x100b56d324fad820b2948ddbb196d94
Feb 25 12:12:31 VM-0-16-opencloudos node[3344585]: 2026-02-25T04:12:31.651Z [feishu] [reaction-state] State cleaned up: messageId=om_x100b56d2aa8480bcc10bf01b5f6aa36
Feb 25 12:12:32 VM-0-16-opencloudos node[3344585]: 2026-02-25T04:12:32.262Z [feishu] [reaction-state] State cleaned up: messageId=om_x100b56d2bf4daca8c2b77bab66ee4ed
Feb 25 12:12:49 VM-0-16-opencloudos node[3344585]: 2026-02-25T12:12:49.656+08:00 [warn]: [ 'no im.chat.access_event.bot_p2p_chat_entered_v1 handle' ]
Feb 25 12:15:47 VM-0-16-opencloudos node[3344585]: 2026-02-25T12:15:47.008+08:00 [feishu][timeout-monitor][FR-006] removed om_x100b56d324fad820b2948ddbb196d94 (total pending: 0)
Feb 25 12:15:49 VM-0-16-opencloudos node[3344585]: 2026-02-25T04:15:49.883Z [feishu] [reaction-state] Removed Typing emoji on completion: messageId=om_x100b56d324fad820b2948ddbb196d94
Feb 25 12:15:49 VM-0-16-opencloudos node[3344585]: 2026-02-25T04:15:49.908Z [feishu] [reaction-state] Removed Typing emoji on completion: messageId=om_x100b56d2b369f894c12511d1a469f70
Feb 25 12:15:49 VM-0-16-opencloudos node[3344585]: 2026-02-25T04:15:49.983Z [feishu] [reaction-state] Removed null emoji on completion: messageId=om_x100b56d324fad820b2948ddbb196d94
Feb 25 12:15:50 VM-0-16-opencloudos node[3344585]: 2026-02-25T04:15:50.404Z [feishu] [reaction-state] Removed Typing emoji on completion: messageId=om_x100b56d34b1194bcb3109b0f4dae76a
Feb 25 12:15:50 VM-0-16-opencloudos node[3344585]: 2026-02-25T04:15:50.896Z [feishu] [reaction-state] Removed Typing emoji on completion: messageId=om_x100b56d35c8b60a4c26353df9a6d844
Feb 25 12:15:51 VM-0-16-opencloudos node[3344585]: 2026-02-25T04:15:51.381Z [feishu] [reaction-state] Removed Typing emoji on completion: messageId=om_x100b56d35b00eca4c1452c4fffc57e9
Feb 25 12:15:51 VM-0-16-opencloudos node[3344585]: 2026-02-25T04:15:51.847Z [feishu] [reaction-state] Removed Typing emoji on completion: messageId=om_x100b56d356f7e4a4c350ae933a39de7
Feb 25 12:15:52 VM-0-16-opencloudos node[3344585]: 2026-02-25T04:15:52.317Z [feishu] [reaction-state] Removed Typing emoji on completion: messageId=om_x100b56d3543c8cb0c2e860d67884abd
Feb 25 12:15:52 VM-0-16-opencloudos node[3344585]: 2026-02-25T04:15:52.772Z [feishu] [reaction-state] Removed Typing emoji on completion: messageId=om_x100b56d36273e4a0c2a1ae545bdc0d4
Feb 25 12:15:53 VM-0-16-opencloudos node[3344585]: 2026-02-25T04:15:53.222Z [feishu] [reaction-state] Removed Typing emoji on completion: messageId=om_x100b56d37165a088b372cce681bb2a1
Feb 25 12:15:53 VM-0-16-opencloudos node[3344585]: 2026-02-25T04:15:53.687Z [feishu] [reaction-state] Removed Typing emoji on completion: messageId=om_x100b56d30f4e38b8c2cbbb5e1286548
Feb 25 12:15:53 VM-0-16-opencloudos node[3344585]: 2026-02-25T04:15:53.690Z [feishu] [reaction-state] Cleared 10 merged states for chat oc_36a6c8f7b6378fbfabb6ac3243e1d247 (cutoff <= 1771992740102)
Feb 25 12:16:28 VM-0-16-opencloudos node[3344585]: 2026-02-25T04:16:28.529Z [feishu] [bot.ts] Reaction manager initialized for om_x100b56d3377018a0c38282566ed61e8. Triggering onMessageQueued...
Feb 25 12:16:29 VM-0-16-opencloudos node[3344585]: 2026-02-25T04:16:29.058Z [feishu] [reaction-state] QUEUED emoji added: messageId=om_x100b56d3377018a0c38282566ed61e8, reactionId=yJRyT3Wv9g3N_QjuGCgKgVuv13PLXIvaVR--5n-9Z91lin5jHMJOvKD-sWf6jfKg
Feb 25 12:16:29 VM-0-16-opencloudos node[3344585]: 2026-02-25T04:16:29.060Z [feishu] [bot.ts] onMessageQueued completed successfully for om_x100b56d3377018a0c38282566ed61e8
Feb 25 12:16:29 VM-0-16-opencloudos node[3344585]: 2026-02-25T12:16:29.061+08:00 [feishu][timeout-monitor][FR-006] registered om_x100b56d3377018a0c38282566ed61e8 for chat oc_36a6c8f7b6378fbfabb6ac3243e1d247 (total pending: 1)
Feb 25 12:16:29 VM-0-16-opencloudos node[3344585]: 2026-02-25T12:16:29.064+08:00 [feishu][timeout-monitor][FR-006] processing started for om_x100b56d3377018a0c38282566ed61e8
Feb 25 12:16:29 VM-0-16-opencloudos node[3344585]: 2026-02-25T04:16:29.573Z [feishu] [reaction-state] Transitioning 1 message(s) to PROCESSING in chat oc_36a6c8f7b6378fbfabb6ac3243e1d247
Feb 25 12:16:30 VM-0-16-opencloudos node[3344585]: 2026-02-25T04:16:30.066Z [feishu] [reaction-state] Removed QUEUED emoji: messageId=om_x100b56d3377018a0c38282566ed61e8
Feb 25 12:16:30 VM-0-16-opencloudos node[3344585]: 2026-02-25T04:16:30.539Z [feishu] [reaction-state] PROCESSING emoji added: messageId=om_x100b56d3377018a0c38282566ed61e8
Feb 25 12:16:30 VM-0-16-opencloudos node[3344585]: 2026-02-25T04:16:30.901Z [feishu] [reaction-state] Cleaning up stale state: messageId=om_x100b56d2b369f894c12511d1a469f70, age=33min
Feb 25 12:16:30 VM-0-16-opencloudos node[3344585]: 2026-02-25T04:16:30.903Z [feishu] [reaction-state] Cleaning up stale state: messageId=om_x100b56d34b1194bcb3109b0f4dae76a, age=31min
Feb 25 12:16:49 VM-0-16-opencloudos node[3344585]: 2026-02-25T04:16:49.885Z [feishu] [reaction-state] State cleaned up: messageId=om_x100b56d324fad820b2948ddbb196d94
Feb 25 12:16:49 VM-0-16-opencloudos node[3344585]: 2026-02-25T04:16:49.910Z [feishu] [reaction-state] State cleaned up: messageId=om_x100b56d2b369f894c12511d1a469f70
Feb 25 12:16:49 VM-0-16-opencloudos node[3344585]: 2026-02-25T04:16:49.985Z [feishu] [reaction-state] State cleaned up: messageId=om_x100b56d324fad820b2948ddbb196d94
Feb 25 12:16:50 VM-0-16-opencloudos node[3344585]: 2026-02-25T04:16:50.406Z [feishu] [reaction-state] State cleaned up: messageId=om_x100b56d34b1194bcb3109b0f4dae76a
Feb 25 12:16:50 VM-0-16-opencloudos node[3344585]: 2026-02-25T04:16:50.898Z [feishu] [reaction-state] State cleaned up: messageId=om_x100b56d35c8b60a4c26353df9a6d844
Feb 25 12:16:51 VM-0-16-opencloudos node[3344585]: 2026-02-25T04:16:51.383Z [feishu] [reaction-state] State cleaned up: messageId=om_x100b56d35b00eca4c1452c4fffc57e9
Feb 25 12:16:51 VM-0-16-opencloudos node[3344585]: 2026-02-25T04:16:51.514Z [feishu] [reaction-state] State cleaned up: messageId=om_x100b56d324fad820b2948ddbb196d94
Feb 25 12:16:51 VM-0-16-opencloudos node[3344585]: 2026-02-25T04:16:51.849Z [feishu] [reaction-state] State cleaned up: messageId=om_x100b56d356f7e4a4c350ae933a39de7
Feb 25 12:16:52 VM-0-16-opencloudos node[3344585]: 2026-02-25T04:16:52.321Z [feishu] [reaction-state] State cleaned up: messageId=om_x100b56d3543c8cb0c2e860d67884abd
Feb 25 12:16:52 VM-0-16-opencloudos node[3344585]: 2026-02-25T04:16:52.777Z [feishu] [reaction-state] State cleaned up: messageId=om_x100b56d36273e4a0c2a1ae545bdc0d4
Feb 25 12:16:53 VM-0-16-opencloudos node[3344585]: 2026-02-25T04:16:53.225Z [feishu] [reaction-state] State cleaned up: messageId=om_x100b56d37165a088b372cce681bb2a1
Feb 25 12:16:53 VM-0-16-opencloudos node[3344585]: 2026-02-25T04:16:53.690Z [feishu] [reaction-state] State cleaned up: messageId=om_x100b56d30f4e38b8c2cbbb5e1286548
Feb 25 12:16:53 VM-0-16-opencloudos node[3344585]: 2026-02-25T04:16:53.692Z [feishu] [reaction-state] State cleaned up: messageId=om_x100b56d324fad820b2948ddbb196d94
Feb 25 12:17:30 VM-0-16-opencloudos node[3344585]: 2026-02-25T04:17:30.903Z [feishu] [reaction-state] State cleaned up: messageId=om_x100b56d2b369f894c12511d1a469f70
Feb 25 12:17:30 VM-0-16-opencloudos node[3344585]: 2026-02-25T04:17:30.904Z [feishu] [reaction-state] State cleaned up: messageId=om_x100b56d34b1194bcb3109b0f4dae76a
Feb 25 12:20:59 VM-0-16-opencloudos node[3344585]: 2026-02-25T12:20:59.069+08:00 [feishu][timeout-monitor][FR-006] removed om_x100b56d3377018a0c38282566ed61e8 (total pending: 0)
Feb 25 12:21:00 VM-0-16-opencloudos node[3344585]: 2026-02-25T04:21:00.794Z [feishu] [reaction-state] Removed Typing emoji on completion: messageId=om_x100b56d3377018a0c38282566ed61e8
Feb 25 12:21:00 VM-0-16-opencloudos node[3344585]: 2026-02-25T04:21:00.927Z [feishu] [reaction-state] Removed null emoji on completion: messageId=om_x100b56d3377018a0c38282566ed61e8
Feb 25 12:21:00 VM-0-16-opencloudos node[3344585]: 2026-02-25T04:21:00.929Z [feishu] [reaction-state] Cleared 1 merged states for chat oc_36a6c8f7b6378fbfabb6ac3243e1d247 (cutoff <= 1771992988529)
Feb 25 12:21:00 VM-0-16-opencloudos node[3344585]: 2026-02-25T04:21:00.931Z [feishu] [reaction-state] Removed null emoji on completion: messageId=om_x100b56d3377018a0c38282566ed61e8
Feb 25 12:22:00 VM-0-16-opencloudos node[3344585]: 2026-02-25T04:22:00.796Z [feishu] [reaction-state] State cleaned up: messageId=om_x100b56d3377018a0c38282566ed61e8
Feb 25 12:22:00 VM-0-16-opencloudos node[3344585]: 2026-02-25T04:22:00.929Z [feishu] [reaction-state] State cleaned up: messageId=om_x100b56d3377018a0c38282566ed61e8
Feb 25 12:22:00 VM-0-16-opencloudos node[3344585]: 2026-02-25T04:22:00.933Z [feishu] [reaction-state] State cleaned up: messageId=om_x100b56d3377018a0c38282566ed61e8
Feb 25 12:25:23 VM-0-16-opencloudos node[3344585]: 2026-02-25T04:25:23.980Z [feishu] [bot.ts] Reaction manager initialized for om_x100b56d3d5fb8d08b32490a93dbaa91. Triggering onMessageQueued...
Feb 25 12:25:24 VM-0-16-opencloudos node[3344585]: 2026-02-25T04:25:24.739Z [feishu] [reaction-state] QUEUED emoji added: messageId=om_x100b56d3d5fb8d08b32490a93dbaa91, reactionId=Kt_Tgv47zlg098Eb8ZW4f_UAzGUGiVbOFb-k80_3s4Nt69sgEJb3siovfF4hCql_
Feb 25 12:25:24 VM-0-16-opencloudos node[3344585]: 2026-02-25T04:25:24.741Z [feishu] [bot.ts] onMessageQueued completed successfully for om_x100b56d3d5fb8d08b32490a93dbaa91
Feb 25 12:25:24 VM-0-16-opencloudos node[3344585]: 2026-02-25T12:25:24.742+08:00 [feishu][timeout-monitor][FR-006] registered om_x100b56d3d5fb8d08b32490a93dbaa91 for chat oc_36a6c8f7b6378fbfabb6ac3243e1d247 (total pending: 1)
Feb 25 12:25:25 VM-0-16-opencloudos node[3344585]: 2026-02-25T12:25:25.280+08:00 [feishu][timeout-monitor][FR-006] processing started for om_x100b56d3d5fb8d08b32490a93dbaa91
Feb 25 12:25:25 VM-0-16-opencloudos node[3344585]: 2026-02-25T04:25:25.920Z [feishu] [reaction-state] Transitioning 1 message(s) to PROCESSING in chat oc_36a6c8f7b6378fbfabb6ac3243e1d247
Feb 25 12:25:26 VM-0-16-opencloudos node[3344585]: 2026-02-25T04:25:26.516Z [feishu] [reaction-state] Removed QUEUED emoji: messageId=om_x100b56d3d5fb8d08b32490a93dbaa91
Feb 25 12:25:27 VM-0-16-opencloudos node[3344585]: 2026-02-25T04:25:27.144Z [feishu] [reaction-state] PROCESSING emoji added: messageId=om_x100b56d3d5fb8d08b32490a93dbaa91
Feb 25 12:27:25 VM-0-16-opencloudos node[3344585]: 2026-02-25T12:27:25.107+08:00 [warn]: [ 'no im.chat.access_event.bot_p2p_chat_entered_v1 handle' ]
Feb 25 12:28:34 VM-0-16-opencloudos node[3344585]: 2026-02-25T12:28:34.117+08:00 [warn]: [ 'no im.chat.access_event.bot_p2p_chat_entered_v1 handle' ]
Feb 25 12:28:41 VM-0-16-opencloudos node[3344585]: 2026-02-25T04:28:41.603Z [feishu] [bot.ts] Reaction manager initialized for om_x100b56d3e9437870b2c7e199897f9fa. Triggering onMessageQueued...
Feb 25 12:28:42 VM-0-16-opencloudos node[3344585]: 2026-02-25T04:28:42.138Z [feishu] [reaction-state] QUEUED emoji added: messageId=om_x100b56d3e9437870b2c7e199897f9fa, reactionId=OBDbAeurnM7j9xOMrX-CuAqy3PMb2ohpUb02-zUZiUKnjV1-6ZPBdYMVwGr_mTer
Feb 25 12:28:42 VM-0-16-opencloudos node[3344585]: 2026-02-25T04:28:42.139Z [feishu] [bot.ts] onMessageQueued completed successfully for om_x100b56d3e9437870b2c7e199897f9fa
Feb 25 12:28:42 VM-0-16-opencloudos node[3344585]: 2026-02-25T12:28:42.141+08:00 [feishu][timeout-monitor][FR-006] registered om_x100b56d3e9437870b2c7e199897f9fa for chat oc_36a6c8f7b6378fbfabb6ac3243e1d247 (total pending: 2)
Feb 25 12:28:42 VM-0-16-opencloudos node[3344585]: 2026-02-25T12:28:42.144+08:00 [feishu][timeout-monitor][FR-006] processing started for om_x100b56d3e9437870b2c7e199897f9fa
Feb 25 12:28:42 VM-0-16-opencloudos node[3344585]: 2026-02-25T12:28:42.179+08:00 [feishu][timeout-monitor][FR-006] removed om_x100b56d3e9437870b2c7e199897f9fa (total pending: 1)
Feb 25 12:28:42 VM-0-16-opencloudos node[3344585]: 2026-02-25T04:28:42.182Z [feishu] [reaction-state] Transitioning 1 message(s) to PROCESSING in chat oc_36a6c8f7b6378fbfabb6ac3243e1d247
Feb 25 12:28:42 VM-0-16-opencloudos node[3344585]: 2026-02-25T04:28:42.690Z [feishu] [reaction-state] Removed QUEUED emoji: messageId=om_x100b56d3e9437870b2c7e199897f9fa
Feb 25 12:28:43 VM-0-16-opencloudos node[3344585]: 2026-02-25T04:28:43.218Z [feishu] [reaction-state] PROCESSING emoji added: messageId=om_x100b56d3e9437870b2c7e199897f9fa
Feb 25 12:33:06 VM-0-16-opencloudos node[3344585]: 2026-02-25T12:33:06.369+08:00 [feishu][timeout-monitor][FR-006] removed om_x100b56d3d5fb8d08b32490a93dbaa91 (total pending: 0)
Feb 25 12:33:07 VM-0-16-opencloudos node[3344585]: 2026-02-25T04:33:07.570Z [feishu] [reaction-state] Removed Typing emoji on completion: messageId=om_x100b56d3d5fb8d08b32490a93dbaa91
Feb 25 12:33:07 VM-0-16-opencloudos node[3344585]: 2026-02-25T04:33:07.615Z [feishu] [reaction-state] Removed null emoji on completion: messageId=om_x100b56d3d5fb8d08b32490a93dbaa91
Feb 25 12:33:07 VM-0-16-opencloudos node[3344585]: 2026-02-25T04:33:07.625Z [feishu] [reaction-state] Removed null emoji on completion: messageId=om_x100b56d3d5fb8d08b32490a93dbaa91
Feb 25 12:33:07 VM-0-16-opencloudos node[3344585]: 2026-02-25T04:33:07.627Z [feishu] [reaction-state] Cleared 1 merged states for chat oc_36a6c8f7b6378fbfabb6ac3243e1d247 (cutoff <= 1771993523980)
Feb 25 12:33:19 VM-0-16-opencloudos node[3344585]: 2026-02-25T12:33:19.278+08:00 [warn]: [ 'no im.chat.access_event.bot_p2p_chat_entered_v1 handle' ]
Feb 25 12:34:07 VM-0-16-opencloudos node[3344585]: 2026-02-25T04:34:07.572Z [feishu] [reaction-state] State cleaned up: messageId=om_x100b56d3d5fb8d08b32490a93dbaa91
Feb 25 12:34:07 VM-0-16-opencloudos node[3344585]: 2026-02-25T04:34:07.616Z [feishu] [reaction-state] State cleaned up: messageId=om_x100b56d3d5fb8d08b32490a93dbaa91
Feb 25 12:34:07 VM-0-16-opencloudos node[3344585]: 2026-02-25T04:34:07.626Z [feishu] [reaction-state] State cleaned up: messageId=om_x100b56d3d5fb8d08b32490a93dbaa91
Feb 25 12:34:07 VM-0-16-opencloudos node[3344585]: 2026-02-25T04:34:07.748Z [feishu] [reaction-state] State cleaned up: messageId=om_x100b56d3d5fb8d08b32490a93dbaa91
Feb 25 12:34:19 VM-0-16-opencloudos node[3344585]: 2026-02-25T04:34:19.439Z [feishu] [bot.ts] Reaction manager initialized for om_x100b56d3f26600acb3f95a303f1a11e. Triggering onMessageQueued...
Feb 25 12:34:20 VM-0-16-opencloudos node[3344585]: 2026-02-25T04:34:20.206Z [feishu] [reaction-state] QUEUED emoji added: messageId=om_x100b56d3f26600acb3f95a303f1a11e, reactionId=CSfRMUGyNl0dBJv3ZIRqhBMyQd1_8UbrFOpu6QWA85NsRibkTwPqdBZCl28NMaEv
Feb 25 12:34:20 VM-0-16-opencloudos node[3344585]: 2026-02-25T04:34:20.207Z [feishu] [bot.ts] onMessageQueued completed successfully for om_x100b56d3f26600acb3f95a303f1a11e
Feb 25 12:34:20 VM-0-16-opencloudos node[3344585]: 2026-02-25T12:34:20.209+08:00 [feishu][timeout-monitor][FR-006] registered om_x100b56d3f26600acb3f95a303f1a11e for chat oc_36a6c8f7b6378fbfabb6ac3243e1d247 (total pending: 1)
Feb 25 12:34:20 VM-0-16-opencloudos node[3344585]: 2026-02-25T12:34:20.212+08:00 [feishu][timeout-monitor][FR-006] processing started for om_x100b56d3f26600acb3f95a303f1a11e
Feb 25 12:34:20 VM-0-16-opencloudos node[3344585]: 2026-02-25T12:34:20.857+08:00 [feishu][timeout-monitor][FR-006] removed om_x100b56d3f26600acb3f95a303f1a11e (total pending: 0)
Feb 25 12:34:20 VM-0-16-opencloudos node[3344585]: 2026-02-25T04:34:20.861Z [feishu] [reaction-state] Transitioning 1 message(s) to PROCESSING in chat oc_36a6c8f7b6378fbfabb6ac3243e1d247
Feb 25 12:34:21 VM-0-16-opencloudos node[3344585]: 2026-02-25T04:34:21.470Z [feishu] [reaction-state] Removed QUEUED emoji: messageId=om_x100b56d3f26600acb3f95a303f1a11e
Feb 25 12:34:22 VM-0-16-opencloudos node[3344585]: 2026-02-25T04:34:22.057Z [feishu] [reaction-state] PROCESSING emoji added: messageId=om_x100b56d3f26600acb3f95a303f1a11e
Feb 25 12:34:32 VM-0-16-opencloudos node[3344585]: 2026-02-25T04:34:32.435Z [feishu] [bot.ts] Reaction manager initialized for om_x100b56d3f3b1e0b4b359fa7b031c9d2. Triggering onMessageQueued...
Feb 25 12:34:33 VM-0-16-opencloudos node[3344585]: 2026-02-25T04:34:33.222Z [feishu] [reaction-state] QUEUED emoji added: messageId=om_x100b56d3f3b1e0b4b359fa7b031c9d2, reactionId=_ejIKCY5lN9v85ANDa2rOU3rH_hgigwzPNWtGbDVG3-LghZno4bvdss0kLfudL7E
Feb 25 12:34:33 VM-0-16-opencloudos node[3344585]: 2026-02-25T04:34:33.224Z [feishu] [bot.ts] onMessageQueued completed successfully for om_x100b56d3f3b1e0b4b359fa7b031c9d2
Feb 25 12:34:33 VM-0-16-opencloudos node[3344585]: 2026-02-25T12:34:33.225+08:00 [feishu][timeout-monitor][FR-006] registered om_x100b56d3f3b1e0b4b359fa7b031c9d2 for chat oc_36a6c8f7b6378fbfabb6ac3243e1d247 (total pending: 1)
Feb 25 12:34:33 VM-0-16-opencloudos node[3344585]: 2026-02-25T12:34:33.228+08:00 [feishu][timeout-monitor][FR-006] processing started for om_x100b56d3f3b1e0b4b359fa7b031c9d2
Feb 25 12:34:33 VM-0-16-opencloudos node[3344585]: 2026-02-25T12:34:33.266+08:00 [feishu][timeout-monitor][FR-006] removed om_x100b56d3f3b1e0b4b359fa7b031c9d2 (total pending: 0)
Feb 25 12:34:33 VM-0-16-opencloudos node[3344585]: 2026-02-25T04:34:33.269Z [feishu] [reaction-state] Transitioning 1 message(s) to PROCESSING in chat oc_36a6c8f7b6378fbfabb6ac3243e1d247
Feb 25 12:34:33 VM-0-16-opencloudos node[3344585]: 2026-02-25T04:34:33.957Z [feishu] [reaction-state] Removed QUEUED emoji: messageId=om_x100b56d3f3b1e0b4b359fa7b031c9d2
Feb 25 12:34:34 VM-0-16-opencloudos node[3344585]: 2026-02-25T04:34:34.579Z [feishu] [reaction-state] PROCESSING emoji added: messageId=om_x100b56d3f3b1e0b4b359fa7b031c9d2
Feb 25 12:35:14 VM-0-16-opencloudos node[3344585]: 2026-02-25T04:35:14.510Z [feishu] [bot.ts] Reaction manager initialized for om_x100b56d38ed0f4b8b363759fb736934. Triggering onMessageQueued...
Feb 25 12:35:15 VM-0-16-opencloudos node[3344585]: 2026-02-25T04:35:15.291Z [feishu] [reaction-state] QUEUED emoji added: messageId=om_x100b56d38ed0f4b8b363759fb736934, reactionId=4kIKyjl7pJNVBezh62X0IuYv0O_ZMLpgOfD14S2De78jwwn0AiacvkC5azyba0hm
Feb 25 12:35:15 VM-0-16-opencloudos node[3344585]: 2026-02-25T04:35:15.293Z [feishu] [bot.ts] onMessageQueued completed successfully for om_x100b56d38ed0f4b8b363759fb736934
Feb 25 12:35:15 VM-0-16-opencloudos node[3344585]: 2026-02-25T12:35:15.294+08:00 [feishu][timeout-monitor][FR-006] registered om_x100b56d38ed0f4b8b363759fb736934 for chat oc_36a6c8f7b6378fbfabb6ac3243e1d247 (total pending: 1)
Feb 25 12:35:15 VM-0-16-opencloudos node[3344585]: 2026-02-25T12:35:15.297+08:00 [feishu][timeout-monitor][FR-006] processing started for om_x100b56d38ed0f4b8b363759fb736934
Feb 25 12:35:15 VM-0-16-opencloudos node[3344585]: 2026-02-25T12:35:15.342+08:00 [feishu][timeout-monitor][FR-006] removed om_x100b56d38ed0f4b8b363759fb736934 (total pending: 0)
Feb 25 12:35:15 VM-0-16-opencloudos node[3344585]: 2026-02-25T04:35:15.346Z [feishu] [reaction-state] Transitioning 1 message(s) to PROCESSING in chat oc_36a6c8f7b6378fbfabb6ac3243e1d247
Feb 25 12:35:15 VM-0-16-opencloudos node[3344585]: 2026-02-25T04:35:15.941Z [feishu] [reaction-state] Removed QUEUED emoji: messageId=om_x100b56d38ed0f4b8b363759fb736934
Feb 25 12:35:16 VM-0-16-opencloudos node[3344585]: 2026-02-25T04:35:16.552Z [feishu] [reaction-state] PROCESSING emoji added: messageId=om_x100b56d38ed0f4b8b363759fb736934
Feb 25 12:36:23 VM-0-16-opencloudos node[3344585]: 2026-02-25T04:36:23.615Z [feishu] [bot.ts] Reaction manager initialized for om_x100b56d38aa364a4b4b2deafb44f892. Triggering onMessageQueued...
Feb 25 12:36:24 VM-0-16-opencloudos node[3344585]: 2026-02-25T04:36:24.336Z [feishu] [reaction-state] QUEUED emoji added: messageId=om_x100b56d38aa364a4b4b2deafb44f892, reactionId=-pJaRsR49_dFDgGcY6zAgrfxwYuADw6rR3an7j9dcCI9QDTS2ChmE9ALdXmosnOF
Feb 25 12:36:24 VM-0-16-opencloudos node[3344585]: 2026-02-25T04:36:24.339Z [feishu] [bot.ts] onMessageQueued completed successfully for om_x100b56d38aa364a4b4b2deafb44f892
Feb 25 12:36:24 VM-0-16-opencloudos node[3344585]: 2026-02-25T12:36:24.341+08:00 [feishu][timeout-monitor][FR-006] registered om_x100b56d38aa364a4b4b2deafb44f892 for chat oc_36a6c8f7b6378fbfabb6ac3243e1d247 (total pending: 1)
Feb 25 12:36:24 VM-0-16-opencloudos node[3344585]: 2026-02-25T12:36:24.879+08:00 [feishu][timeout-monitor][FR-006] processing started for om_x100b56d38aa364a4b4b2deafb44f892
Feb 25 12:36:25 VM-0-16-opencloudos node[3344585]: 2026-02-25T12:36:25.545+08:00 [feishu][timeout-monitor][FR-006] removed om_x100b56d38aa364a4b4b2deafb44f892 (total pending: 0)
Feb 25 12:36:25 VM-0-16-opencloudos node[3344585]: 2026-02-25T04:36:25.548Z [feishu] [reaction-state] Transitioning 1 message(s) to PROCESSING in chat oc_36a6c8f7b6378fbfabb6ac3243e1d247
Feb 25 12:36:26 VM-0-16-opencloudos node[3344585]: 2026-02-25T04:36:26.151Z [feishu] [reaction-state] Removed QUEUED emoji: messageId=om_x100b56d38aa364a4b4b2deafb44f892
Feb 25 12:36:26 VM-0-16-opencloudos node[3344585]: 2026-02-25T04:36:26.748Z [feishu] [reaction-state] PROCESSING emoji added: messageId=om_x100b56d38aa364a4b4b2deafb44f892
Feb 25 12:45:45 VM-0-16-opencloudos node[3344585]: 2026-02-25T12:45:45.384+08:00 [warn]: [ 'no im.chat.access_event.bot_p2p_chat_entered_v1 handle' ]
Feb 25 12:48:15 VM-0-16-opencloudos node[3344585]: 2026-02-25T04:48:15.129Z [feishu] [bot.ts] Reaction manager initialized for om_x100b56d3be2a80a8b33124fd2aa70e9. Triggering onMessageQueued...
Feb 25 12:48:15 VM-0-16-opencloudos node[3344585]: 2026-02-25T04:48:15.693Z [feishu] [reaction-state] QUEUED emoji added: messageId=om_x100b56d3be2a80a8b33124fd2aa70e9, reactionId=pe_6Zp7BXuPcOgb59yVDFc4JXZrBZU5MEt41XlB9beJodjJsa8gCN7w8ZwJ6-Pf5
Feb 25 12:48:15 VM-0-16-opencloudos node[3344585]: 2026-02-25T04:48:15.695Z [feishu] [bot.ts] onMessageQueued completed successfully for om_x100b56d3be2a80a8b33124fd2aa70e9
Feb 25 12:48:15 VM-0-16-opencloudos node[3344585]: 2026-02-25T12:48:15.696+08:00 [feishu][timeout-monitor][FR-006] registered om_x100b56d3be2a80a8b33124fd2aa70e9 for chat oc_36a6c8f7b6378fbfabb6ac3243e1d247 (total pending: 1)
Feb 25 12:48:16 VM-0-16-opencloudos node[3344585]: 2026-02-25T12:48:16.122+08:00 [feishu][timeout-monitor][FR-006] processing started for om_x100b56d3be2a80a8b33124fd2aa70e9
Feb 25 12:48:16 VM-0-16-opencloudos node[3344585]: 2026-02-25T04:48:16.640Z [feishu] [reaction-state] Transitioning 1 message(s) to PROCESSING in chat oc_36a6c8f7b6378fbfabb6ac3243e1d247
Feb 25 12:48:18 VM-0-16-opencloudos node[3344585]: 2026-02-25T04:48:18.824Z [feishu] [reaction-state] Removed QUEUED emoji: messageId=om_x100b56d3be2a80a8b33124fd2aa70e9
Feb 25 12:48:19 VM-0-16-opencloudos node[3344585]: 2026-02-25T04:48:19.319Z [feishu] [reaction-state] PROCESSING emoji added: messageId=om_x100b56d3be2a80a8b33124fd2aa70e9
Feb 25 13:01:30 VM-0-16-opencloudos node[3344585]: 2026-02-25T05:01:30.903Z [feishu] [reaction-state] Cleaning up stale state: messageId=om_x100b56d3e9437870b2c7e199897f9fa, age=33min
Feb 25 13:01:31 VM-0-16-opencloudos node[3344585]: 2026-02-25T05:01:31.706Z [feishu] [reaction-state] Removed Typing emoji on completion: messageId=om_x100b56d3e9437870b2c7e199897f9fa
Feb 25 13:02:31 VM-0-16-opencloudos node[3344585]: 2026-02-25T05:02:31.709Z [feishu] [reaction-state] State cleaned up: messageId=om_x100b56d3e9437870b2c7e199897f9fa
Feb 25 13:05:24 VM-0-16-opencloudos node[3344585]: 2026-02-25T13:05:24.540+08:00 [warn]: [ 'no im.chat.access_event.bot_p2p_chat_entered_v1 handle' ]
Feb 25 13:06:32 VM-0-16-opencloudos node[3344585]: 2026-02-25T05:06:32.062Z [feishu] [reaction-state] Cleaning up stale state: messageId=om_x100b56d3f26600acb3f95a303f1a11e, age=32min
Feb 25 13:06:32 VM-0-16-opencloudos node[3344585]: 2026-02-25T05:06:32.974Z [feishu] [reaction-state] Removed Typing emoji on completion: messageId=om_x100b56d3f26600acb3f95a303f1a11e
Feb 25 13:06:32 VM-0-16-opencloudos node[3344585]: 2026-02-25T05:06:32.978Z [feishu] [reaction-state] Cleaning up stale state: messageId=om_x100b56d3f3b1e0b4b359fa7b031c9d2, age=32min
Feb 25 13:06:33 VM-0-16-opencloudos node[3344585]: 2026-02-25T05:06:33.475Z [feishu] [reaction-state] Removed Typing emoji on completion: messageId=om_x100b56d3f3b1e0b4b359fa7b031c9d2
Feb 25 13:06:33 VM-0-16-opencloudos node[3344585]: 2026-02-25T05:06:33.477Z [feishu] [reaction-state] Cleaning up stale state: messageId=om_x100b56d38ed0f4b8b363759fb736934, age=31min
Feb 25 13:06:33 VM-0-16-opencloudos node[3344585]: 2026-02-25T05:06:33.964Z [feishu] [reaction-state] Removed Typing emoji on completion: messageId=om_x100b56d38ed0f4b8b363759fb736934
Feb 25 13:06:33 VM-0-16-opencloudos node[3344585]: 2026-02-25T05:06:33.967Z [feishu] [reaction-state] Cleaning up stale state: messageId=om_x100b56d38aa364a4b4b2deafb44f892, age=30min
Feb 25 13:06:34 VM-0-16-opencloudos node[3344585]: 2026-02-25T05:06:34.474Z [feishu] [reaction-state] Removed Typing emoji on completion: messageId=om_x100b56d38aa364a4b4b2deafb44f892
Feb 25 13:07:32 VM-0-16-opencloudos node[3344585]: 2026-02-25T05:07:32.976Z [feishu] [reaction-state] State cleaned up: messageId=om_x100b56d3f26600acb3f95a303f1a11e
Feb 25 13:07:33 VM-0-16-opencloudos node[3344585]: 2026-02-25T05:07:33.477Z [feishu] [reaction-state] State cleaned up: messageId=om_x100b56d3f3b1e0b4b359fa7b031c9d2
Feb 25 13:07:33 VM-0-16-opencloudos node[3344585]: 2026-02-25T05:07:33.967Z [feishu] [reaction-state] State cleaned up: messageId=om_x100b56d38ed0f4b8b363759fb736934
Feb 25 13:07:34 VM-0-16-opencloudos node[3344585]: 2026-02-25T05:07:34.476Z [feishu] [reaction-state] State cleaned up: messageId=om_x100b56d38aa364a4b4b2deafb44f892
Feb 25 13:08:18 VM-0-16-opencloudos node[3344585]: 2026-02-25T13:08:18.002+08:00 [feishu][timeout-monitor][FR-006] removed om_x100b56d3be2a80a8b33124fd2aa70e9 (total pending: 0)
Feb 25 13:08:18 VM-0-16-opencloudos node[3344585]: 2026-02-25T05:08:18.536Z [feishu] [reaction-state] Removed Typing emoji on completion: messageId=om_x100b56d3be2a80a8b33124fd2aa70e9
Feb 25 13:08:18 VM-0-16-opencloudos node[3344585]: 2026-02-25T05:08:18.537Z [feishu] [reaction-state] Cleared 1 merged states for chat oc_36a6c8f7b6378fbfabb6ac3243e1d247 (cutoff <= 1771994895129)
Feb 25 13:08:18 VM-0-16-opencloudos node[3344585]: 2026-02-25T05:08:18.777Z [feishu] [reaction-state] Removed null emoji on completion: messageId=om_x100b56d3be2a80a8b33124fd2aa70e9
Feb 25 13:09:18 VM-0-16-opencloudos node[3344585]: 2026-02-25T05:09:18.538Z [feishu] [reaction-state] State cleaned up: messageId=om_x100b56d3be2a80a8b33124fd2aa70e9
Feb 25 13:09:18 VM-0-16-opencloudos node[3344585]: 2026-02-25T05:09:18.677Z [feishu] [reaction-state] State cleaned up: messageId=om_x100b56d3be2a80a8b33124fd2aa70e9
Feb 25 13:09:18 VM-0-16-opencloudos node[3344585]: 2026-02-25T05:09:18.779Z [feishu] [reaction-state] State cleaned up: messageId=om_x100b56d3be2a80a8b33124fd2aa70e9
Feb 25 13:30:16 VM-0-16-opencloudos node[3949637]: 2026-02-25T05:30:16.037Z [feishu] feishu[default]: bot open_id resolved: ou_eb157dbd151393217665d192fa59dad6
Feb 25 14:21:25 VM-0-16-opencloudos node[3949637]: 2026-02-25T14:21:25.103+08:00 [warn]: [ 'no im.chat.access_event.bot_p2p_chat_entered_v1 handle' ]
Feb 25 14:41:19 VM-0-16-opencloudos node[3967680]: 2026-02-25T06:41:19.041Z [feishu] feishu[default]: bot open_id resolved: ou_eb157dbd151393217665d192fa59dad6
Feb 25 14:54:31 VM-0-16-opencloudos node[3972309]: 2026-02-25T06:54:31.680Z [feishu] feishu[default]: bot open_id resolved: ou_eb157dbd151393217665d192fa59dad6
